2025-04-08 23:47:41 [main] INFO  org.apache.logging.log4j.LogManager - UserName Entred
2025-04-08 23:47:41 [main] INFO  org.apache.logging.log4j.LogManager - Password Entred
2025-04-08 23:47:43 [main] INFO  org.apache.logging.log4j.LogManager - Login Clicked
2025-04-08 23:47:54 [main] INFO  org.apache.logging.log4j.LogManager - Invalid UserName Entred
2025-04-08 23:47:54 [main] INFO  org.apache.logging.log4j.LogManager - Invalid Password Entred
2025-04-08 23:47:57 [main] INFO  org.apache.logging.log4j.LogManager - Login Clicked
2025-04-08 23:48:09 [main] INFO  org.apache.logging.log4j.LogManager - Empty UserName Entred
2025-04-08 23:48:09 [main] INFO  org.apache.logging.log4j.LogManager - Empty Password Entred
2025-04-08 23:48:09 [main] INFO  org.apache.logging.log4j.LogManager - Login Clicked
2025-04-08 23:48:22 [main] INFO  org.apache.logging.log4j.LogManager - Forgot Password Clicked
2025-04-09 09:19:02 [main] INFO  org.apache.logging.log4j.LogManager - UserName Entred
2025-04-09 09:19:02 [main] INFO  org.apache.logging.log4j.LogManager - Password Entred
2025-04-09 09:19:04 [main] INFO  org.apache.logging.log4j.LogManager - Login Clicked
2025-04-09 09:19:17 [main] INFO  org.apache.logging.log4j.LogManager - Invalid UserName Entred
2025-04-09 09:19:17 [main] INFO  org.apache.logging.log4j.LogManager - Invalid Password Entred
2025-04-09 09:19:19 [main] INFO  org.apache.logging.log4j.LogManager - Login Clicked
2025-04-09 09:19:34 [main] INFO  org.apache.logging.log4j.LogManager - Empty UserName Entred
2025-04-09 09:19:34 [main] INFO  org.apache.logging.log4j.LogManager - Empty Password Entred
2025-04-09 09:19:34 [main] INFO  org.apache.logging.log4j.LogManager - Login Clicked
2025-04-09 09:19:51 [main] INFO  org.apache.logging.log4j.LogManager - Forgot Password Clicked
